<?xml version="1.0" encoding="UTF-8"?>
<!-- Generated by org.testng.reporters.JUnitReportReporter -->
<testsuite hostname="LAPTOP-C2RA5JIE" failures="0" tests="2" name="parameterization.ReadParametersFromXML" time="0.013" errors="0" timestamp="2021-02-26T21:19:45 EST" skipped="0">
  <testcase classname="parameterization.ReadParametersFromXML" name="getBrowserName" time="0.001"/>
  <testcase classname="parameterization.ReadParametersFromXML" name="getBrowserName" time="0.012"/>
</testsuite> <!-- parameterization.ReadParametersFromXML -->
