<?xml version="1.0" encoding="UTF-8"?>
<!-- Generated by org.testng.reporters.JUnitReportReporter -->
<testsuite hostname="LAPTOP-C2RA5JIE" failures="0" tests="1" name="testcases.TestFailures" time="0.005" errors="0" timestamp="2021-01-30T18:13:38 EST" skipped="1">
  <testcase classname="testcases.TestFailures" name="doLogin" time="0.005">
    <skipped/>
  </testcase> <!-- doLogin -->
</testsuite> <!-- testcases.TestFailures -->
