<?xml version="1.0" encoding="UTF-8"?>
<!-- Generated by org.testng.reporters.JUnitReportReporter -->
<testsuite hostname="LAPTOP-C2RA5JIE" failures="0" tests="2" name="parameterization.TestParameterization" time="0.012" errors="0" timestamp="2021-01-31T19:32:30 EST" skipped="0">
  <testcase classname="parameterization.TestParameterization" name="logIn" time="0.002"/>
  <testcase classname="parameterization.TestParameterization" name="logIn" time="0.010"/>
</testsuite> <!-- parameterization.TestParameterization -->
