<?xml version="1.0" encoding="UTF-8"?>
<!-- Generated by org.testng.reporters.JUnitReportReporter -->
<testsuite hostname="LAPTOP-C2RA5JIE" failures="0" tests="4" name="parameterization.GetDataFromDataProviders" time="0.018" errors="0" timestamp="2021-01-30T21:04:12 EST" skipped="0">
  <testcase classname="parameterization.GetDataFromDataProviders" name="logIn" time="0.012"/>
  <testcase classname="parameterization.GetDataFromDataProviders" name="logIn" time="0.002"/>
  <testcase classname="parameterization.GetDataFromDataProviders" name="userReg" time="0.002"/>
  <testcase classname="parameterization.GetDataFromDataProviders" name="userReg" time="0.002"/>
</testsuite> <!-- parameterization.GetDataFromDataProviders -->
