<?xml version="1.0" encoding="UTF-8"?>
<!-- Generated by org.testng.reporters.JUnitReportReporter -->
<testsuite hostname="LAPTOP-C2RA5JIE" failures="0" tests="6" name="parallelTest.TestParallelDataProv" time="12.160" errors="0" timestamp="2021-01-31T20:08:55 EST" skipped="0">
  <testcase classname="parallelTest.TestParallelDataProv" name="getBrowsrName" time="2.013"/>
  <testcase classname="parallelTest.TestParallelDataProv" name="getBrowsrName" time="2.013"/>
  <testcase classname="parallelTest.TestParallelDataProv" name="getBrowsrName" time="2.015"/>
  <testcase classname="parallelTest.TestParallelDataProv" name="getBrowsrName" time="2.052"/>
  <testcase classname="parallelTest.TestParallelDataProv" name="getBrowsrName" time="2.015"/>
  <testcase classname="parallelTest.TestParallelDataProv" name="getBrowsrName" time="2.052"/>
</testsuite> <!-- parallelTest.TestParallelDataProv -->
