<?xml version="1.0" encoding="UTF-8"?>
<!-- Generated by org.testng.reporters.JUnitReportReporter -->
<testsuite hostname="LAPTOP-C2RA5JIE" failures="0" tests="2" name="parameterization.ParameterizationWithExcelHashTable" time="0.015" errors="0" timestamp="2021-02-26T21:20:51 EST" skipped="0">
  <testcase classname="parameterization.ParameterizationWithExcelHashTable" name="testData" time="0.003"/>
  <testcase classname="parameterization.ParameterizationWithExcelHashTable" name="testData" time="0.012"/>
</testsuite> <!-- parameterization.ParameterizationWithExcelHashTable -->
