<?xml version="1.0" encoding="UTF-8"?>
<!-- Generated by org.testng.reporters.JUnitReportReporter -->
<testsuite hostname="LAPTOP-C2RA5JIE" failures="0" tests="2" name="testcases.TestCase1" time="0.050" errors="0" timestamp="2021-01-30T18:13:38 EST" skipped="0">
  <testcase classname="testcases.TestCase1" name="doRegis" time="0.033"/>
  <testcase classname="testcases.TestCase1" name="doLogin" time="0.017"/>
</testsuite> <!-- testcases.TestCase1 -->
