<?xml version="1.0" encoding="UTF-8"?>
<!-- Generated by org.testng.reporters.JUnitReportReporter -->
<testsuite hostname="LAPTOP-C2RA5JIE" failures="0" tests="2" name="regression.TestCase1" time="0.010" errors="0" timestamp="2021-01-24T21:55:33 EST" skipped="0">
  <testcase classname="regression.TestCase1" name="doRegis" time="0.007"/>
  <testcase classname="regression.TestCase1" name="doLogin" time="0.003"/>
</testsuite> <!-- regression.TestCase1 -->
