<?xml version="1.0" encoding="UTF-8"?>
<!-- Generated by org.testng.reporters.JUnitReportReporter -->
<testsuite hostname="LAPTOP-C2RA5JIE" failures="0" tests="2" name="parallelTest.TestParallelExec" time="4.100" errors="0" timestamp="2021-01-31T19:45:19 EST" skipped="0">
  <testcase classname="parallelTest.TestParallelExec" name="getBrowsrName" time="2.050"/>
  <testcase classname="parallelTest.TestParallelExec" name="getBrowsrName" time="2.050"/>
</testsuite> <!-- parallelTest.TestParallelExec -->
